{"uuid":"016aa9ad-1615-4b84-8330-5f10661b50ba","historyId":"c67d9c4e6ab160c4a670556a93f2ff06","testCaseId":"fcedb5d3d1ec4ef1aff6643d2f3a18fd","fullName":"src/test/resources/features/03_04AddNewProgram.feature:58","labels":[{"name":"host","value":"Haripriya"},{"name":"thread","value":"47268@Haripriya.main(1)"},{"name":"feature","value":"Add New Program"},{"name":"story","value":"Verify Admin is able to save the program details"},{"name":"suite","value":"Add New Program"},{"name":"testClass","value":"Verify Admin is able to save the program details"},{"name":"framework","value":"cucumber4jvm"},{"name":"language","value":"java"},{"name":"gherkin_uri","value":"file:///C:/Users/vijay/git/Team13_QuantumCoders_LMS_UIHackathon_Feb2025/Team13_QuantumCoders_LMS_UIHackathon_Feb2025/src/test/resources/features/03_04AddNewProgram.feature"},{"name":"package","value":"src.test.resources.features.03_04AddNewProgram_feature.Add New Program"}],"links":[],"name":"Verify Admin is able to save the program details","status":"failed","statusDetails":{"known":false,"muted":false,"flaky":false,"message":"should get the message as Field Required expected [Program name is required.] but found [Status is required.]","trace":"java.lang.AssertionError: should get the message as Field Required expected [Program name is required.] but found [Status is required.]\r\n\tat org.testng.Assert.fail(Assert.java:111)\r\n\tat org.testng.Assert.failNotEquals(Assert.java:1578)\r\n\tat org.testng.Assert.assertEqualsImpl(Assert.java:150)\r\n\tat org.testng.Assert.assertEquals(Assert.java:132)\r\n\tat org.testng.Assert.assertEquals(Assert.java:656)\r\n\tat stepDefinitions.Add_NewProgramSteps.admin_gets_message(Add_NewProgramSteps.java:74)\r\n\tat ✽.Admin gets message 'Successful Program created'(file:///C:/Users/vijay/git/Team13_QuantumCoders_LMS_UIHackathon_Feb2025/Team13_QuantumCoders_LMS_UIHackathon_Feb2025/src/test/resources/features/03_04AddNewProgram.feature:61)\r\n"},"stage":"finished","steps":[{"name":"When Admin enter valid details for mandatory fields and Click on save button","status":"passed","statusDetails":{"known":false,"muted":false,"flaky":false},"stage":"finished","steps":[],"attachments":[],"parameters":[],"start":1740298999581,"stop":1740298999700},{"name":"Then Admin gets message 'Successful Program created'","status":"failed","statusDetails":{"known":false,"muted":false,"flaky":false,"message":"should get the message as Field Required expected [Program name is required.] but found [Status is required.]","trace":"java.lang.AssertionError: should get the message as Field Required expected [Program name is required.] but found [Status is required.]\r\n\tat org.testng.Assert.fail(Assert.java:111)\r\n\tat org.testng.Assert.failNotEquals(Assert.java:1578)\r\n\tat org.testng.Assert.assertEqualsImpl(Assert.java:150)\r\n\tat org.testng.Assert.assertEquals(Assert.java:132)\r\n\tat org.testng.Assert.assertEquals(Assert.java:656)\r\n\tat stepDefinitions.Add_NewProgramSteps.admin_gets_message(Add_NewProgramSteps.java:74)\r\n\tat ✽.Admin gets message 'Successful Program created'(file:///C:/Users/vijay/git/Team13_QuantumCoders_LMS_UIHackathon_Feb2025/Team13_QuantumCoders_LMS_UIHackathon_Feb2025/src/test/resources/features/03_04AddNewProgram.feature:61)\r\n"},"stage":"finished","steps":[],"attachments":[],"parameters":[],"start":1740298999700,"stop":1740298999740}],"attachments":[],"parameters":[],"start":1740298999579,"stop":1740298999929}