{"uuid":"49201e30-7c62-460a-9161-ce810e2ebc2e","historyId":"d2c6c53d536abdb0dc20b81d4751c16b","testCaseId":"6a340e5d122b37658145cd7345ffe725","fullName":"src/test/resources/features/ProgramPage_Validation.feature:29","labels":[{"name":"host","value":"Haripriya"},{"name":"thread","value":"26308@Haripriya.main(1)"},{"name":"feature","value":"Program Validation feature"},{"name":"story","value":"Verify the Search button"},{"name":"suite","value":"Program Validation feature"},{"name":"testClass","value":"Verify the Search button"},{"name":"framework","value":"cucumber4jvm"},{"name":"language","value":"java"},{"name":"gherkin_uri","value":"file:///C:/Users/vijay/git/Team13_QuantumCoders_LMS_UIHackathon_Feb2025/Team13_QuantumCoders_LMS_UIHackathon_Feb2025/src/test/resources/features/ProgramPage_Validation.feature"},{"name":"package","value":"src.test.resources.features.ProgramPage_Validation_feature.Program Validation feature"}],"links":[],"name":"Verify the Search button","status":"failed","statusDetails":{"known":false,"muted":false,"flaky":false,"message":"Search text in search bar expected [Search...] but found []","trace":"java.lang.AssertionError: Search text in search bar expected [Search...] but found []\r\n\tat org.testng.Assert.fail(Assert.java:111)\r\n\tat org.testng.Assert.failNotEquals(Assert.java:1578)\r\n\tat org.testng.Assert.assertEqualsImpl(Assert.java:150)\r\n\tat org.testng.Assert.assertEquals(Assert.java:132)\r\n\tat org.testng.Assert.assertEquals(Assert.java:656)\r\n\tat stepDefinitions.ProgramPage_ValidationSteps.admin_should_see_search_bar_with_text_as(ProgramPage_ValidationSteps.java:68)\r\n\tat ✽.Admin should see Search bar with text as \"Search...\"(file:///C:/Users/vijay/git/Team13_QuantumCoders_LMS_UIHackathon_Feb2025/Team13_QuantumCoders_LMS_UIHackathon_Feb2025/src/test/resources/features/ProgramPage_Validation.feature:32)\r\n"},"stage":"finished","steps":[{"name":"Then Admin should see Search bar with text as \"Search...\"","status":"failed","statusDetails":{"known":false,"muted":false,"flaky":false,"message":"Search text in search bar expected [Search...] but found []","trace":"java.lang.AssertionError: Search text in search bar expected [Search...] but found []\r\n\tat org.testng.Assert.fail(Assert.java:111)\r\n\tat org.testng.Assert.failNotEquals(Assert.java:1578)\r\n\tat org.testng.Assert.assertEqualsImpl(Assert.java:150)\r\n\tat org.testng.Assert.assertEquals(Assert.java:132)\r\n\tat org.testng.Assert.assertEquals(Assert.java:656)\r\n\tat stepDefinitions.ProgramPage_ValidationSteps.admin_should_see_search_bar_with_text_as(ProgramPage_ValidationSteps.java:68)\r\n\tat ✽.Admin should see Search bar with text as \"Search...\"(file:///C:/Users/vijay/git/Team13_QuantumCoders_LMS_UIHackathon_Feb2025/Team13_QuantumCoders_LMS_UIHackathon_Feb2025/src/test/resources/features/ProgramPage_Validation.feature:32)\r\n"},"stage":"finished","steps":[],"attachments":[],"parameters":[],"start":1740260358181,"stop":1740260358245}],"attachments":[],"parameters":[],"start":1740260358181,"stop":1740260358511}