{"uuid":"4b8db7ed-664b-4a44-a52d-78d52c8f6495","historyId":"9b395856e70b9954386a1bb0e3665ffa","testCaseId":"103e5ca656e37d245cff089a98c8ff65","fullName":"src/test/resources/features/05_03AddNewClassPopUp.feature:48","labels":[{"name":"tag","value":"class"},{"name":"host","value":"Debalinas-Air.lan"},{"name":"thread","value":"26208@Debalinas-Air.lan.main(1)"},{"name":"feature","value":"Add New Class popup"},{"name":"story","value":"Check if class is created when only mandatory fields are entered with valid data in class module"},{"name":"suite","value":"Add New Class popup"},{"name":"testClass","value":"Check if class is created when only mandatory fields are entered with valid data in class module"},{"name":"framework","value":"cucumber4jvm"},{"name":"language","value":"java"},{"name":"gherkin_uri","value":"file:///Users/debalinachakrabarti/git/Team13_QuantumCoders_LMS_UIHackathon_Feb2025/Team13_QuantumCoders_LMS_UIHackathon_Feb2025/src/test/resources/features/05_03AddNewClassPopUp.feature"},{"name":"package","value":"src.test.resources.features.05_03AddNewClassPopUp_feature.Add New Class popup"}],"links":[],"name":"Check if class is created when only mandatory fields are entered with valid data in class module","status":"failed","statusDetails":{"known":false,"muted":false,"flaky":false,"message":"Error in getting alertsExpected condition failed: waiting for visibility of element located by By.xpath: //div[contains(@class, 'p-toast-detail')] (tried for 30 second(s) with 500 milliseconds interval)\nBuild info: version: '4.23.0', revision: '4df0a231af'\nSystem info: os.name: 'Mac OS X', os.arch: 'aarch64', os.version: '14.2.1', java.version: '21'\nDriver info: org.openqa.selenium.chrome.ChromeDriver\nCapabilities {acceptInsecureCerts: false, browserName: chrome, browserVersion: 133.0.6943.126, chrome: {chromedriverVersion: 133.0.6943.126 (cffa127ce7b..., userDataDir: /var/folders/g1/bd99g60d6y1...}, fedcm:accounts: true, goog:chromeOptions: {debuggerAddress: localhost:52903}, networkConnectionEnabled: false, pageLoadStrategy: normal, platformName: mac, proxy: Proxy(), se:cdp: ws://localhost:52903/devtoo..., se:cdpVersion: 133.0.6943.126, setWindowRect: true, strictFileInteractability: false, timeouts: {implicit: 0, pageLoad: 300000, script: 30000}, unhandledPromptBehavior: dismiss and notify, webauthn:extension:credBlob: true, webauthn:extension:largeBlob: true, webauthn:extension:minPinLength: true, webauthn:extension:prf: true, webauthn:virtualAuthenticators: true}\nSession ID: a628c7e5f2856697a6f1a55205db7d07","trace":"java.lang.AssertionError: Error in getting alertsExpected condition failed: waiting for visibility of element located by By.xpath: //div[contains(@class, 'p-toast-detail')] (tried for 30 second(s) with 500 milliseconds interval)\nBuild info: version: '4.23.0', revision: '4df0a231af'\nSystem info: os.name: 'Mac OS X', os.arch: 'aarch64', os.version: '14.2.1', java.version: '21'\nDriver info: org.openqa.selenium.chrome.ChromeDriver\nCapabilities {acceptInsecureCerts: false, browserName: chrome, browserVersion: 133.0.6943.126, chrome: {chromedriverVersion: 133.0.6943.126 (cffa127ce7b..., userDataDir: /var/folders/g1/bd99g60d6y1...}, fedcm:accounts: true, goog:chromeOptions: {debuggerAddress: localhost:52903}, networkConnectionEnabled: false, pageLoadStrategy: normal, platformName: mac, proxy: Proxy(), se:cdp: ws://localhost:52903/devtoo..., se:cdpVersion: 133.0.6943.126, setWindowRect: true, strictFileInteractability: false, timeouts: {implicit: 0, pageLoad: 300000, script: 30000}, unhandledPromptBehavior: dismiss and notify, webauthn:extension:credBlob: true, webauthn:extension:largeBlob: true, webauthn:extension:minPinLength: true, webauthn:extension:prf: true, webauthn:virtualAuthenticators: true}\nSession ID: a628c7e5f2856697a6f1a55205db7d07\n\tat org.testng.Assert.fail(Assert.java:111)\n\tat pageObjects.ClassPage.validateSuccessClassCreated(ClassPage.java:643)\n\tat pageObjects.ClassPage.enterClassDetails(ClassPage.java:591)\n\tat stepDefinitions.AddNewClassPopUpSteps.admin_gets_message_class_added_successfully_from_with_scenario_name_in_class_module(AddNewClassPopUpSteps.java:104)\n\tat ✽.Admin gets message Class added Successfully from \"Class\" with scenario name \"addClassWithOnlyMandatoryFields\" with Admin can see the class details popup closed and adding new class in class module(file:///Users/debalinachakrabarti/git/Team13_QuantumCoders_LMS_UIHackathon_Feb2025/Team13_QuantumCoders_LMS_UIHackathon_Feb2025/src/test/resources/features/05_03AddNewClassPopUp.feature:44)\n"},"stage":"finished","steps":[{"name":"Given Admin is on the Class Popup window after clicking Add New Class Link in class module.","status":"passed","statusDetails":{"known":false,"muted":false,"flaky":false},"stage":"finished","steps":[],"attachments":[],"parameters":[],"start":1740195938605,"stop":1740195939692},{"name":"When Admin enters mandatory fields in the form and clicks on save button from \"Class\" with scenario name \"addClassWithOnlyMandatoryFields\" in class module","status":"passed","statusDetails":{"known":false,"muted":false,"flaky":false},"stage":"finished","steps":[],"attachments":[],"parameters":[],"start":1740195939692,"stop":1740195939693},{"name":"Then Admin gets message Class added Successfully from \"Class\" with scenario name \"addClassWithOnlyMandatoryFields\" with Admin can see the class details popup closed and adding new class in class module","status":"failed","statusDetails":{"known":false,"muted":false,"flaky":false,"message":"Error in getting alertsExpected condition failed: waiting for visibility of element located by By.xpath: //div[contains(@class, 'p-toast-detail')] (tried for 30 second(s) with 500 milliseconds interval)\nBuild info: version: '4.23.0', revision: '4df0a231af'\nSystem info: os.name: 'Mac OS X', os.arch: 'aarch64', os.version: '14.2.1', java.version: '21'\nDriver info: org.openqa.selenium.chrome.ChromeDriver\nCapabilities {acceptInsecureCerts: false, browserName: chrome, browserVersion: 133.0.6943.126, chrome: {chromedriverVersion: 133.0.6943.126 (cffa127ce7b..., userDataDir: /var/folders/g1/bd99g60d6y1...}, fedcm:accounts: true, goog:chromeOptions: {debuggerAddress: localhost:52903}, networkConnectionEnabled: false, pageLoadStrategy: normal, platformName: mac, proxy: Proxy(), se:cdp: ws://localhost:52903/devtoo..., se:cdpVersion: 133.0.6943.126, setWindowRect: true, strictFileInteractability: false, timeouts: {implicit: 0, pageLoad: 300000, script: 30000}, unhandledPromptBehavior: dismiss and notify, webauthn:extension:credBlob: true, webauthn:extension:largeBlob: true, webauthn:extension:minPinLength: true, webauthn:extension:prf: true, webauthn:virtualAuthenticators: true}\nSession ID: a628c7e5f2856697a6f1a55205db7d07","trace":"java.lang.AssertionError: Error in getting alertsExpected condition failed: waiting for visibility of element located by By.xpath: //div[contains(@class, 'p-toast-detail')] (tried for 30 second(s) with 500 milliseconds interval)\nBuild info: version: '4.23.0', revision: '4df0a231af'\nSystem info: os.name: 'Mac OS X', os.arch: 'aarch64', os.version: '14.2.1', java.version: '21'\nDriver info: org.openqa.selenium.chrome.ChromeDriver\nCapabilities {acceptInsecureCerts: false, browserName: chrome, browserVersion: 133.0.6943.126, chrome: {chromedriverVersion: 133.0.6943.126 (cffa127ce7b..., userDataDir: /var/folders/g1/bd99g60d6y1...}, fedcm:accounts: true, goog:chromeOptions: {debuggerAddress: localhost:52903}, networkConnectionEnabled: false, pageLoadStrategy: normal, platformName: mac, proxy: Proxy(), se:cdp: ws://localhost:52903/devtoo..., se:cdpVersion: 133.0.6943.126, setWindowRect: true, strictFileInteractability: false, timeouts: {implicit: 0, pageLoad: 300000, script: 30000}, unhandledPromptBehavior: dismiss and notify, webauthn:extension:credBlob: true, webauthn:extension:largeBlob: true, webauthn:extension:minPinLength: true, webauthn:extension:prf: true, webauthn:virtualAuthenticators: true}\nSession ID: a628c7e5f2856697a6f1a55205db7d07\n\tat org.testng.Assert.fail(Assert.java:111)\n\tat pageObjects.ClassPage.validateSuccessClassCreated(ClassPage.java:643)\n\tat pageObjects.ClassPage.enterClassDetails(ClassPage.java:591)\n\tat stepDefinitions.AddNewClassPopUpSteps.admin_gets_message_class_added_successfully_from_with_scenario_name_in_class_module(AddNewClassPopUpSteps.java:104)\n\tat ✽.Admin gets message Class added Successfully from \"Class\" with scenario name \"addClassWithOnlyMandatoryFields\" with Admin can see the class details popup closed and adding new class in class module(file:///Users/debalinachakrabarti/git/Team13_QuantumCoders_LMS_UIHackathon_Feb2025/Team13_QuantumCoders_LMS_UIHackathon_Feb2025/src/test/resources/features/05_03AddNewClassPopUp.feature:44)\n"},"stage":"finished","steps":[],"attachments":[],"parameters":[],"start":1740195939694,"stop":1740195989900}],"attachments":[],"parameters":[{"name":"sheetName","value":"Class"},{"name":"scenarioName","value":"addClassWithOnlyMandatoryFields"}],"start":1740195938604,"stop":1740195990170}