{"uuid":"58c87755-8520-4fec-9b87-f4330e71c58f","historyId":"fdc2631e76e109f1d205e1fa3d3aa7e0","testCaseId":"f9b5f527daf361d69f89e98229db262b","fullName":"src/test/resources/features/05_03AddNewClassPopUp.feature:22","labels":[{"name":"tag","value":"class"},{"name":"host","value":"Debalinas-Air.lan"},{"name":"thread","value":"10941@Debalinas-Air.lan.main(1)"},{"name":"feature","value":"Add New Class popup"},{"name":"story","value":"Check if class is created when only optional fields are entered with valid data in class module"},{"name":"suite","value":"Add New Class popup"},{"name":"testClass","value":"Check if class is created when only optional fields are entered with valid data in class module"},{"name":"framework","value":"cucumber4jvm"},{"name":"language","value":"java"},{"name":"gherkin_uri","value":"file:///Users/debalinachakrabarti/git/Team13_QuantumCoders_LMS_UIHackathon_Feb2025/Team13_QuantumCoders_LMS_UIHackathon_Feb2025/src/test/resources/features/05_03AddNewClassPopUp.feature"},{"name":"package","value":"src.test.resources.features.05_03AddNewClassPopUp_feature.Add New Class popup"}],"links":[],"name":"Check if class is created when only optional fields are entered with valid data in class module","status":"broken","statusDetails":{"known":false,"muted":false,"flaky":false,"message":"Expected condition failed: waiting for visibility of element located by By.xpath: //small[normalize-space()='Class Topic is required.'] (tried for 15 second(s) with 500 milliseconds interval)\nBuild info: version: '4.23.0', revision: '4df0a231af'\nSystem info: os.name: 'Mac OS X', os.arch: 'aarch64', os.version: '14.2.1', java.version: '21'\nDriver info: org.openqa.selenium.chrome.ChromeDriver\nCapabilities {acceptInsecureCerts: false, browserName: chrome, browserVersion: 133.0.6943.126, chrome: {chromedriverVersion: 133.0.6943.126 (cffa127ce7b..., userDataDir: /var/folders/g1/bd99g60d6y1...}, fedcm:accounts: true, goog:chromeOptions: {debuggerAddress: localhost:63607}, networkConnectionEnabled: false, pageLoadStrategy: normal, platformName: mac, proxy: Proxy(), se:cdp: ws://localhost:63607/devtoo..., se:cdpVersion: 133.0.6943.126, setWindowRect: true, strictFileInteractability: false, timeouts: {implicit: 0, pageLoad: 300000, script: 30000}, unhandledPromptBehavior: dismiss and notify, webauthn:extension:credBlob: true, webauthn:extension:largeBlob: true, webauthn:extension:minPinLength: true, webauthn:extension:prf: true, webauthn:virtualAuthenticators: true}\nSession ID: e46c9e868ec44baeee4a059e5571176d","trace":"org.openqa.selenium.TimeoutException: Expected condition failed: waiting for visibility of element located by By.xpath: //small[normalize-space()='Class Topic is required.'] (tried for 15 second(s) with 500 milliseconds interval)\nBuild info: version: '4.23.0', revision: '4df0a231af'\nSystem info: os.name: 'Mac OS X', os.arch: 'aarch64', os.version: '14.2.1', java.version: '21'\nDriver info: org.openqa.selenium.chrome.ChromeDriver\nCapabilities {acceptInsecureCerts: false, browserName: chrome, browserVersion: 133.0.6943.126, chrome: {chromedriverVersion: 133.0.6943.126 (cffa127ce7b..., userDataDir: /var/folders/g1/bd99g60d6y1...}, fedcm:accounts: true, goog:chromeOptions: {debuggerAddress: localhost:63607}, networkConnectionEnabled: false, pageLoadStrategy: normal, platformName: mac, proxy: Proxy(), se:cdp: ws://localhost:63607/devtoo..., se:cdpVersion: 133.0.6943.126, setWindowRect: true, strictFileInteractability: false, timeouts: {implicit: 0, pageLoad: 300000, script: 30000}, unhandledPromptBehavior: dismiss and notify, webauthn:extension:credBlob: true, webauthn:extension:largeBlob: true, webauthn:extension:minPinLength: true, webauthn:extension:prf: true, webauthn:virtualAuthenticators: true}\nSession ID: e46c9e868ec44baeee4a059e5571176d\n\tat org.openqa.selenium.support.ui.WebDriverWait.timeoutException(WebDriverWait.java:84)\n\tat org.openqa.selenium.support.ui.FluentWait.until(FluentWait.java:228)\n\tat pageObjects.ClassPage.enterClassDetails(ClassPage.java:456)\n\tat stepDefinitions.AddNewClassPopUpSteps.admin_should_see_error_message_below_the_test_field_and_the_field_will_be_highlighted_in_red_color_for_with_scenario_name_in_class_module(AddNewClassPopUpSteps.java:59)\n\tat ✽.Admin should see error message below the test field and the field will be highlighted in red color for \"Class\" with scenario name \"addClassWithOnlyOptionalFields\" in class module(file:///Users/debalinachakrabarti/git/Team13_QuantumCoders_LMS_UIHackathon_Feb2025/Team13_QuantumCoders_LMS_UIHackathon_Feb2025/src/test/resources/features/05_03AddNewClassPopUp.feature:18)\n"},"stage":"finished","steps":[{"name":"Given Admin is on the Class Popup window in class module","status":"passed","statusDetails":{"known":false,"muted":false,"flaky":false},"stage":"finished","steps":[],"attachments":[],"parameters":[],"start":1740118597776,"stop":1740118597789},{"name":"When Admin skips to add value in mandatory field and enter only the optional field in class module from \"Class\" with scenario name \"addClassWithOnlyOptionalFields\"","status":"passed","statusDetails":{"known":false,"muted":false,"flaky":false},"stage":"finished","steps":[],"attachments":[],"parameters":[],"start":1740118597789,"stop":1740118597789},{"name":"Then Admin should see error message below the test field and the field will be highlighted in red color for \"Class\" with scenario name \"addClassWithOnlyOptionalFields\" in class module","status":"broken","statusDetails":{"known":false,"muted":false,"flaky":false,"message":"Expected condition failed: waiting for visibility of element located by By.xpath: //small[normalize-space()='Class Topic is required.'] (tried for 15 second(s) with 500 milliseconds interval)\nBuild info: version: '4.23.0', revision: '4df0a231af'\nSystem info: os.name: 'Mac OS X', os.arch: 'aarch64', os.version: '14.2.1', java.version: '21'\nDriver info: org.openqa.selenium.chrome.ChromeDriver\nCapabilities {acceptInsecureCerts: false, browserName: chrome, browserVersion: 133.0.6943.126, chrome: {chromedriverVersion: 133.0.6943.126 (cffa127ce7b..., userDataDir: /var/folders/g1/bd99g60d6y1...}, fedcm:accounts: true, goog:chromeOptions: {debuggerAddress: localhost:63607}, networkConnectionEnabled: false, pageLoadStrategy: normal, platformName: mac, proxy: Proxy(), se:cdp: ws://localhost:63607/devtoo..., se:cdpVersion: 133.0.6943.126, setWindowRect: true, strictFileInteractability: false, timeouts: {implicit: 0, pageLoad: 300000, script: 30000}, unhandledPromptBehavior: dismiss and notify, webauthn:extension:credBlob: true, webauthn:extension:largeBlob: true, webauthn:extension:minPinLength: true, webauthn:extension:prf: true, webauthn:virtualAuthenticators: true}\nSession ID: e46c9e868ec44baeee4a059e5571176d","trace":"org.openqa.selenium.TimeoutException: Expected condition failed: waiting for visibility of element located by By.xpath: //small[normalize-space()='Class Topic is required.'] (tried for 15 second(s) with 500 milliseconds interval)\nBuild info: version: '4.23.0', revision: '4df0a231af'\nSystem info: os.name: 'Mac OS X', os.arch: 'aarch64', os.version: '14.2.1', java.version: '21'\nDriver info: org.openqa.selenium.chrome.ChromeDriver\nCapabilities {acceptInsecureCerts: false, browserName: chrome, browserVersion: 133.0.6943.126, chrome: {chromedriverVersion: 133.0.6943.126 (cffa127ce7b..., userDataDir: /var/folders/g1/bd99g60d6y1...}, fedcm:accounts: true, goog:chromeOptions: {debuggerAddress: localhost:63607}, networkConnectionEnabled: false, pageLoadStrategy: normal, platformName: mac, proxy: Proxy(), se:cdp: ws://localhost:63607/devtoo..., se:cdpVersion: 133.0.6943.126, setWindowRect: true, strictFileInteractability: false, timeouts: {implicit: 0, pageLoad: 300000, script: 30000}, unhandledPromptBehavior: dismiss and notify, webauthn:extension:credBlob: true, webauthn:extension:largeBlob: true, webauthn:extension:minPinLength: true, webauthn:extension:prf: true, webauthn:virtualAuthenticators: true}\nSession ID: e46c9e868ec44baeee4a059e5571176d\n\tat org.openqa.selenium.support.ui.WebDriverWait.timeoutException(WebDriverWait.java:84)\n\tat org.openqa.selenium.support.ui.FluentWait.until(FluentWait.java:228)\n\tat pageObjects.ClassPage.enterClassDetails(ClassPage.java:456)\n\tat stepDefinitions.AddNewClassPopUpSteps.admin_should_see_error_message_below_the_test_field_and_the_field_will_be_highlighted_in_red_color_for_with_scenario_name_in_class_module(AddNewClassPopUpSteps.java:59)\n\tat ✽.Admin should see error message below the test field and the field will be highlighted in red color for \"Class\" with scenario name \"addClassWithOnlyOptionalFields\" in class module(file:///Users/debalinachakrabarti/git/Team13_QuantumCoders_LMS_UIHackathon_Feb2025/Team13_QuantumCoders_LMS_UIHackathon_Feb2025/src/test/resources/features/05_03AddNewClassPopUp.feature:18)\n"},"stage":"finished","steps":[],"attachments":[],"parameters":[],"start":1740118597789,"stop":1740118618524}],"attachments":[],"parameters":[{"name":"sheetName","value":"Class"},{"name":"scenarioName","value":"addClassWithOnlyOptionalFields"}],"start":1740118597775,"stop":1740118618763}