{"uuid":"d61c2bd3-9c5d-4f4a-9dd5-4ae4651bca0b","historyId":"5209df8733715130f7743af347d4fca7","testCaseId":"9fa86d11468d9c6f998293afd2ed2296","fullName":"src/test/resources/features/Login.feature:14","labels":[{"name":"tag","value":"login"},{"name":"host","value":"Debalinas-Air.lan"},{"name":"thread","value":"86083@Debalinas-Air.lan.main(1)"},{"name":"feature","value":"Login"},{"name":"story","value":"Validate login with valid credentials"},{"name":"suite","value":"Login"},{"name":"testClass","value":"Validate login with valid credentials"},{"name":"framework","value":"cucumber4jvm"},{"name":"language","value":"java"},{"name":"gherkin_uri","value":"file:///Users/debalinachakrabarti/eclipse-workspace/Team13_QuantumCoders_LMS_UIHackathon_Feb2025/src/test/resources/features/Login.feature"},{"name":"package","value":"src.test.resources.features.Login_feature.Login"}],"links":[],"name":"Validate login with valid credentials","status":"broken","statusDetails":{"known":false,"muted":false,"flaky":false,"message":"Expected condition failed: waiting for element to be clickable: By.id: roleDropdown (tried for 15 second(s) with 500 milliseconds interval)\nBuild info: version: '4.23.0', revision: '4df0a231af'\nSystem info: os.name: 'Mac OS X', os.arch: 'aarch64', os.version: '14.2.1', java.version: '21'\nDriver info: org.openqa.selenium.chrome.ChromeDriver\nCapabilities {acceptInsecureCerts: false, browserName: chrome, browserVersion: 133.0.6943.126, chrome: {chromedriverVersion: 133.0.6943.126 (cffa127ce7b..., userDataDir: /var/folders/g1/bd99g60d6y1...}, fedcm:accounts: true, goog:chromeOptions: {debuggerAddress: localhost:56530}, networkConnectionEnabled: false, pageLoadStrategy: normal, platformName: mac, proxy: Proxy(), se:cdp: ws://localhost:56530/devtoo..., se:cdpVersion: 133.0.6943.126, setWindowRect: true, strictFileInteractability: false, timeouts: {implicit: 0, pageLoad: 300000, script: 30000}, unhandledPromptBehavior: dismiss and notify, webauthn:extension:credBlob: true, webauthn:extension:largeBlob: true, webauthn:extension:minPinLength: true, webauthn:extension:prf: true, webauthn:virtualAuthenticators: true}\nSession ID: 7422f4ad9db3104221f870ce0c8b6377","trace":"org.openqa.selenium.TimeoutException: Expected condition failed: waiting for element to be clickable: By.id: roleDropdown (tried for 15 second(s) with 500 milliseconds interval)\nBuild info: version: '4.23.0', revision: '4df0a231af'\nSystem info: os.name: 'Mac OS X', os.arch: 'aarch64', os.version: '14.2.1', java.version: '21'\nDriver info: org.openqa.selenium.chrome.ChromeDriver\nCapabilities {acceptInsecureCerts: false, browserName: chrome, browserVersion: 133.0.6943.126, chrome: {chromedriverVersion: 133.0.6943.126 (cffa127ce7b..., userDataDir: /var/folders/g1/bd99g60d6y1...}, fedcm:accounts: true, goog:chromeOptions: {debuggerAddress: localhost:56530}, networkConnectionEnabled: false, pageLoadStrategy: normal, platformName: mac, proxy: Proxy(), se:cdp: ws://localhost:56530/devtoo..., se:cdpVersion: 133.0.6943.126, setWindowRect: true, strictFileInteractability: false, timeouts: {implicit: 0, pageLoad: 300000, script: 30000}, unhandledPromptBehavior: dismiss and notify, webauthn:extension:credBlob: true, webauthn:extension:largeBlob: true, webauthn:extension:minPinLength: true, webauthn:extension:prf: true, webauthn:virtualAuthenticators: true}\nSession ID: 7422f4ad9db3104221f870ce0c8b6377\n\tat org.openqa.selenium.support.ui.WebDriverWait.timeoutException(WebDriverWait.java:84)\n\tat org.openqa.selenium.support.ui.FluentWait.until(FluentWait.java:228)\n\tat pageObjects.LoginPage.clicklogin(LoginPage.java:107)\n\tat stepDefinitions.LoginPageSteps.admin_enter_valid_credentials_with_and_and_clicks_login_button_in_login_module(LoginPageSteps.java:30)\n\tat ✽.Admin enter valid  credentials with \"Login\" and \"LoginWithValidCredentials\" and clicks login button in login module.(file:///Users/debalinachakrabarti/eclipse-workspace/Team13_QuantumCoders_LMS_UIHackathon_Feb2025/src/test/resources/features/Login.feature:9)\n"},"stage":"finished","steps":[{"name":"Given Admin is in login Page.","status":"passed","statusDetails":{"known":false,"muted":false,"flaky":false},"stage":"finished","steps":[],"attachments":[],"parameters":[],"start":1739946917857,"stop":1739946919660},{"name":"When Admin enter valid  credentials with \"Login\" and \"LoginWithValidCredentials\" and clicks login button in login module.","status":"broken","statusDetails":{"known":false,"muted":false,"flaky":false,"message":"Expected condition failed: waiting for element to be clickable: By.id: roleDropdown (tried for 15 second(s) with 500 milliseconds interval)\nBuild info: version: '4.23.0', revision: '4df0a231af'\nSystem info: os.name: 'Mac OS X', os.arch: 'aarch64', os.version: '14.2.1', java.version: '21'\nDriver info: org.openqa.selenium.chrome.ChromeDriver\nCapabilities {acceptInsecureCerts: false, browserName: chrome, browserVersion: 133.0.6943.126, chrome: {chromedriverVersion: 133.0.6943.126 (cffa127ce7b..., userDataDir: /var/folders/g1/bd99g60d6y1...}, fedcm:accounts: true, goog:chromeOptions: {debuggerAddress: localhost:56530}, networkConnectionEnabled: false, pageLoadStrategy: normal, platformName: mac, proxy: Proxy(), se:cdp: ws://localhost:56530/devtoo..., se:cdpVersion: 133.0.6943.126, setWindowRect: true, strictFileInteractability: false, timeouts: {implicit: 0, pageLoad: 300000, script: 30000}, unhandledPromptBehavior: dismiss and notify, webauthn:extension:credBlob: true, webauthn:extension:largeBlob: true, webauthn:extension:minPinLength: true, webauthn:extension:prf: true, webauthn:virtualAuthenticators: true}\nSession ID: 7422f4ad9db3104221f870ce0c8b6377","trace":"org.openqa.selenium.TimeoutException: Expected condition failed: waiting for element to be clickable: By.id: roleDropdown (tried for 15 second(s) with 500 milliseconds interval)\nBuild info: version: '4.23.0', revision: '4df0a231af'\nSystem info: os.name: 'Mac OS X', os.arch: 'aarch64', os.version: '14.2.1', java.version: '21'\nDriver info: org.openqa.selenium.chrome.ChromeDriver\nCapabilities {acceptInsecureCerts: false, browserName: chrome, browserVersion: 133.0.6943.126, chrome: {chromedriverVersion: 133.0.6943.126 (cffa127ce7b..., userDataDir: /var/folders/g1/bd99g60d6y1...}, fedcm:accounts: true, goog:chromeOptions: {debuggerAddress: localhost:56530}, networkConnectionEnabled: false, pageLoadStrategy: normal, platformName: mac, proxy: Proxy(), se:cdp: ws://localhost:56530/devtoo..., se:cdpVersion: 133.0.6943.126, setWindowRect: true, strictFileInteractability: false, timeouts: {implicit: 0, pageLoad: 300000, script: 30000}, unhandledPromptBehavior: dismiss and notify, webauthn:extension:credBlob: true, webauthn:extension:largeBlob: true, webauthn:extension:minPinLength: true, webauthn:extension:prf: true, webauthn:virtualAuthenticators: true}\nSession ID: 7422f4ad9db3104221f870ce0c8b6377\n\tat org.openqa.selenium.support.ui.WebDriverWait.timeoutException(WebDriverWait.java:84)\n\tat org.openqa.selenium.support.ui.FluentWait.until(FluentWait.java:228)\n\tat pageObjects.LoginPage.clicklogin(LoginPage.java:107)\n\tat stepDefinitions.LoginPageSteps.admin_enter_valid_credentials_with_and_and_clicks_login_button_in_login_module(LoginPageSteps.java:30)\n\tat ✽.Admin enter valid  credentials with \"Login\" and \"LoginWithValidCredentials\" and clicks login button in login module.(file:///Users/debalinachakrabarti/eclipse-workspace/Team13_QuantumCoders_LMS_UIHackathon_Feb2025/src/test/resources/features/Login.feature:9)\n"},"stage":"finished","steps":[],"attachments":[],"parameters":[],"start":1739946919669,"stop":1739946942819},{"name":"Then Admin should land on dashboard page","status":"skipped","statusDetails":{"known":false,"muted":false,"flaky":false},"stage":"finished","steps":[],"attachments":[],"parameters":[],"start":1739946942824,"stop":1739946942825}],"attachments":[],"parameters":[{"name":"sheetname","value":"Login"},{"name":"scenarioName","value":"LoginWithValidCredentials"}],"start":1739946917827,"stop":1739946943159}